{"message":"addAccount.failed.as.accountName.already.exist","level":"error"}
{"message":"\"userName\" must be a valid email","level":"error"}
{"message":"/transactions/undefined","level":"error"}
{"message":"SequelizeDatabaseError","level":"error"}
{"message":"addAccount.failed.as.accountName.already.exist","level":"error"}
{"message":"\"accountName\" is required","level":"error"}
{"message":"/deleteTransaction/38","level":"error"}
{"message":"TypeError","level":"error"}
{"message":"/deleteTransaction/undefined","level":"error"}
{"message":"SequelizeDatabaseError","level":"error"}
{"message":"/editTransaction","level":"error"}
{"message":"Error","level":"error"}
{"message":"/transactionByName/xyz/undefined","level":"error"}
{"message":"SequelizeDatabaseError","level":"error"}
{"message":"/transactionByName/undefined/3","level":"error"}
{"message":"TypeError","level":"error"}
{"message":"/transactionById/undefined","level":"error"}
{"message":"SequelizeDatabaseError","level":"error"}
{"message":"\"userName\" must be a valid email","level":"error"}
{"message":"/transactions/undefined","level":"error"}
{"message":"SequelizeDatabaseError","level":"error"}
{"message":"addAccount.failed.as.accountName.already.exist","level":"error"}
{"message":"\"accountName\" is required","level":"error"}
{"message":"/deleteTransaction/38","level":"error"}
{"message":"TypeError","level":"error"}
{"message":"/deleteTransaction/undefined","level":"error"}
{"message":"SequelizeDatabaseError","level":"error"}
{"message":"/editTransaction","level":"error"}
{"message":"Error","level":"error"}
{"message":"/transactionByName/xyz/undefined","level":"error"}
{"message":"SequelizeDatabaseError","level":"error"}
{"message":"/transactionByName/undefined/3","level":"error"}
{"message":"TypeError","level":"error"}
{"message":"/transactionById/undefined","level":"error"}
{"message":"SequelizeDatabaseError","level":"error"}
{"message":"/transactions/undefined","level":"error"}
{"message":"SequelizeDatabaseError","level":"error"}
{"message":"addAccount.failed.as.accountName.already.exist","level":"error"}
{"message":"\"accountName\" is required","level":"error"}
{"message":"/deleteTransaction/38","level":"error"}
{"message":"TypeError","level":"error"}
{"message":"/deleteTransaction/undefined","level":"error"}
{"message":"SequelizeDatabaseError","level":"error"}
{"message":"/editTransaction","level":"error"}
{"message":"Error","level":"error"}
{"message":"/transactionByName/xyz/undefined","level":"error"}
{"message":"SequelizeDatabaseError","level":"error"}
{"message":"/transactionByName/undefined/3","level":"error"}
{"message":"TypeError","level":"error"}
{"message":"/transactionById/undefined","level":"error"}
{"message":"SequelizeDatabaseError","level":"error"}
{"message":"\"userName\" is required","level":"error"}
{"message":"/transactions/undefined","level":"error"}
{"message":"SequelizeDatabaseError","level":"error"}
{"message":"/accountNameByAccountId/7/undefined","level":"error"}
{"message":"SequelizeDatabaseError","level":"error"}
{"message":"/accountsByUserId/undefined","level":"error"}
{"message":"\"accountName\" is required","level":"error"}
{"message":"\"accountName\" is required","level":"error"}
{"message":"/deleteTransaction/undefined","level":"error"}
{"message":"SequelizeDatabaseError","level":"error"}
{"message":"/editTransaction","level":"error"}
{"message":"Error","level":"error"}
{"message":"/signin","level":"error"}
{"message":"/transactionByName/xyz/undefined","level":"error"}
{"message":"SequelizeDatabaseError","level":"error"}
{"message":"/transactionByName/undefined/3","level":"error"}
{"message":"TypeError","level":"error"}
{"message":"/transactionById/undefined","level":"error"}
{"message":"SequelizeDatabaseError","level":"error"}
{"message":"/accountBalanceByAccountName/undefined/3","level":"error"}
{"message":"\"userName\" is required","level":"error"}
{"message":"/transactions/undefined","level":"error"}
{"message":"SequelizeDatabaseError","level":"error"}
{"message":"/accountNameByAccountId/7/undefined","level":"error"}
{"message":"SequelizeDatabaseError","level":"error"}
{"message":"/accountsByUserId/undefined","level":"error"}
{"message":"addAccount.failed.as.accountName.already.exist","level":"error"}
{"message":"addAccount.failed.as.accountName.already.exist","level":"error"}
{"message":"\"accountName\" is required","level":"error"}
{"message":"\"accountName\" is required","level":"error"}
{"message":"/deleteTransaction/49","level":"error"}
{"message":"TypeError","level":"error"}
{"message":"/deleteTransaction/undefined","level":"error"}
{"message":"SequelizeDatabaseError","level":"error"}
{"message":"/editTransaction","level":"error"}
{"message":"Error","level":"error"}
{"message":"/signin","level":"error"}
{"message":"/transactionByName/xyz/undefined","level":"error"}
{"message":"SequelizeDatabaseError","level":"error"}
{"message":"/transactionByName/undefined/3","level":"error"}
{"message":"TypeError","level":"error"}
{"message":"/transactionById/undefined","level":"error"}
{"message":"SequelizeDatabaseError","level":"error"}
{"message":"/accountBalanceByAccountName/undefined/3","level":"error"}
{"message":"\"userName\" is required","level":"error"}
{"message":"/transactions/undefined","level":"error"}
{"message":"SequelizeDatabaseError","level":"error"}
{"message":"/accountNameByAccountId/7/undefined","level":"error"}
{"message":"SequelizeDatabaseError","level":"error"}
{"message":"/accountsByUserId/undefined","level":"error"}
{"message":"addAccount.failed.as.accountName.already.exist","level":"error"}
{"message":"addAccount.failed.as.accountName.already.exist","level":"error"}
{"message":"\"accountName\" is required","level":"error"}
{"message":"\"accountName\" is required","level":"error"}
{"message":"/deleteTransaction/49","level":"error"}
{"message":"TypeError","level":"error"}
{"message":"/deleteTransaction/undefined","level":"error"}
{"message":"SequelizeDatabaseError","level":"error"}
{"message":"/editTransaction","level":"error"}
{"message":"Error","level":"error"}
{"message":"/signin","level":"error"}
{"message":"/transactionByName/xyz/undefined","level":"error"}
{"message":"SequelizeDatabaseError","level":"error"}
{"message":"/transactionByName/undefined/3","level":"error"}
{"message":"TypeError","level":"error"}
{"message":"/transactionById/undefined","level":"error"}
{"message":"SequelizeDatabaseError","level":"error"}
{"message":"/accountBalanceByAccountName/undefined/3","level":"error"}
{"message":"\"userName\" is required","level":"error"}
{"message":"/transactions/undefined","level":"error"}
{"message":"SequelizeDatabaseError","level":"error"}
{"message":"/accountNameByAccountId/7/undefined","level":"error"}
{"message":"SequelizeDatabaseError","level":"error"}
{"message":"/accountsByUserId/undefined","level":"error"}
{"message":"addAccount.failed.as.accountName.already.exist","level":"error"}
{"message":"addAccount.failed.as.accountName.already.exist","level":"error"}
{"message":"\"accountName\" is required","level":"error"}
{"message":"\"accountName\" is required","level":"error"}
{"message":"/deleteTransaction/49","level":"error"}
{"message":"TypeError","level":"error"}
{"message":"/deleteTransaction/undefined","level":"error"}
{"message":"SequelizeDatabaseError","level":"error"}
{"message":"/editTransaction","level":"error"}
{"message":"Error","level":"error"}
{"message":"/signin","level":"error"}
{"message":"/transactionByName/xyz/undefined","level":"error"}
{"message":"SequelizeDatabaseError","level":"error"}
{"message":"/transactionByName/undefined/3","level":"error"}
{"message":"TypeError","level":"error"}
{"message":"/transactionById/undefined","level":"error"}
{"message":"SequelizeDatabaseError","level":"error"}
{"message":"/accountBalanceByAccountName/undefined/3","level":"error"}
{"message":"TypeError","level":"error"}
{"message":"\"userName\" is required","level":"error"}
{"message":"/transactions/undefined","level":"error"}
{"message":"SequelizeDatabaseError","level":"error"}
{"message":"/accountNameByAccountId/7/undefined","level":"error"}
{"message":"SequelizeDatabaseError","level":"error"}
{"message":"/accountsByUserId/undefined","level":"error"}
{"message":"SequelizeDatabaseError","level":"error"}
{"message":"addAccount.failed.as.accountName.already.exist","level":"error"}
{"message":"addAccount.failed.as.accountName.already.exist","level":"error"}
{"message":"\"accountName\" is required","level":"error"}
{"message":"\"accountName\" is required","level":"error"}
{"message":"/deleteTransaction/undefined","level":"error"}
{"message":"SequelizeDatabaseError","level":"error"}
{"message":"/editTransaction","level":"error"}
{"message":"Error","level":"error"}
{"message":"/signin","level":"error"}
{"message":"signin.request.failed.as.username.incorrect","level":"error"}
{"message":"/signin","level":"error"}
{"message":"Error","level":"error"}
{"message":"/transactionByName/xyz/undefined","level":"error"}
{"message":"SequelizeDatabaseError","level":"error"}
{"message":"/transactionByName/undefined/3","level":"error"}
{"message":"TypeError","level":"error"}
{"message":"/transactionById/undefined","level":"error"}
{"message":"SequelizeDatabaseError","level":"error"}
{"message":"/accountBalanceByAccountName/undefined/3","level":"error"}
{"message":"TypeError","level":"error"}
{"message":"\"userName\" is required","level":"error"}
{"message":"/transactions/undefined","level":"error"}
{"message":"SequelizeDatabaseError","level":"error"}
{"message":"/accountNameByAccountId/7/undefined","level":"error"}
{"message":"SequelizeDatabaseError","level":"error"}
{"message":"/accountsByUserId/undefined","level":"error"}
{"message":"SequelizeDatabaseError","level":"error"}
{"message":"addAccount.failed.as.accountName.already.exist","level":"error"}
{"message":"addAccount.failed.as.accountName.already.exist","level":"error"}
{"message":"\"accountName\" is required","level":"error"}
{"message":"\"accountName\" is required","level":"error"}
{"message":"/deleteTransaction/51","level":"error"}
{"message":"TypeError","level":"error"}
{"message":"/deleteTransaction/undefined","level":"error"}
{"message":"SequelizeDatabaseError","level":"error"}
{"message":"/editTransaction","level":"error"}
{"message":"Error","level":"error"}
{"message":"/signin","level":"error"}
{"message":"signin.request.failed.as.username.incorrect","level":"error"}
{"message":"/signin","level":"error"}
{"message":"Error","level":"error"}
{"message":"/transactionByName/xyz/undefined","level":"error"}
{"message":"SequelizeDatabaseError","level":"error"}
{"message":"/transactionByName/undefined/3","level":"error"}
{"message":"TypeError","level":"error"}
{"message":"/transactionById/undefined","level":"error"}
{"message":"SequelizeDatabaseError","level":"error"}
{"message":"/accountBalanceByAccountName/undefined/3","level":"error"}
{"message":"TypeError","level":"error"}
{"message":"\"userName\" is required","level":"error"}
{"message":"/transactions/undefined","level":"error"}
{"message":"SequelizeDatabaseError","level":"error"}
{"message":"/accountNameByAccountId/7/undefined","level":"error"}
{"message":"SequelizeDatabaseError","level":"error"}
{"message":"/accountsByUserId/undefined","level":"error"}
{"message":"SequelizeDatabaseError","level":"error"}
{"message":"addAccount.failed.as.accountName.already.exist","level":"error"}
{"message":"addAccount.failed.as.accountName.already.exist","level":"error"}
{"message":"\"accountName\" is required","level":"error"}
{"message":"\"accountName\" is required","level":"error"}
{"message":"/deleteTransaction/51","level":"error"}
{"message":"TypeError","level":"error"}
{"message":"/deleteTransaction/undefined","level":"error"}
{"message":"SequelizeDatabaseError","level":"error"}
{"message":"/editTransaction","level":"error"}
{"message":"Error","level":"error"}
{"message":"/signin","level":"error"}
{"message":"signin.request.failed.as.username.incorrect","level":"error"}
{"message":"/signin","level":"error"}
{"message":"Error","level":"error"}
{"message":"/transactionByName/xyz/undefined","level":"error"}
{"message":"SequelizeDatabaseError","level":"error"}
{"message":"/transactionByName/undefined/3","level":"error"}
{"message":"TypeError","level":"error"}
{"message":"/transactionById/undefined","level":"error"}
{"message":"SequelizeDatabaseError","level":"error"}
{"message":"/signin","level":"error"}
{"message":"signin.request.failed.as.username.incorrect","level":"error"}
