{"message":"/accountsByUserId/16","level":"info"}
{"message":"getAccountsByUserId.successful","level":"info"}
{"message":"/transactions/16","level":"info"}
{"message":"getTransactionsByUserId.successful","level":"info"}
{"message":"/addAccount","level":"info"}
{"message":"addAccount.failed.as.accountName.already.exist","level":"error"}
{"message":"/addAccount","level":"info"}
{"message":"addAccount.successful","level":"info"}
{"message":"/accountsByUserId/16","level":"info"}
{"message":"getAccountsByUserId.successful","level":"info"}
{"message":"/transactions/16","level":"info"}
{"message":"getTransactionsByUserId.successful","level":"info"}
{"message":"/accountsByUserId/16","level":"info"}
{"message":"getAccountsByUserId.successful","level":"info"}
{"message":"/addTransaction","level":"info"}
{"message":"addTransaction.successful","level":"info"}
{"message":"/accountsByUserId/16","level":"info"}
{"message":"getAccountsByUserId.successful","level":"info"}
{"message":"/transactions/16","level":"info"}
{"message":"getTransactionsByUserId.successful","level":"info"}
{"message":"/accountNameByAccountId/16/26","level":"info"}
{"message":"getAccountNameByUserId.successful","level":"info"}
